<?xml version="1.0" encoding="UTF-8"?>
<robot generator="Robot 3.1.2 (Python 3.7.5 on darwin)" generated="20200112 22:03:21.831" rpa="false">
<suite id="s1" name="WebUser" source="/Users/pedroh/Documents/TesteWebAPI-master/WEB/Testes/TesteUser/WebUser.robot">
<test id="s1-t1" name="Scenario 1: Registering new users with all required elements completed">
<kw name="Open the page" library="ResourceUser" type="setup">
<kw name="Open Browser" library="SeleniumLibrary">
<doc>Opens a new browser instance to the optional ``url``.</doc>
<arguments>
<arg>${URL}</arg>
<arg>${BROWSER}</arg>
</arguments>
<msg timestamp="20200112 22:03:22.225" level="INFO">Opening browser 'chrome' to base url 'http://automationpractice.com'.</msg>
<status status="PASS" starttime="20200112 22:03:22.225" endtime="20200112 22:03:34.438"></status>
</kw>
<kw name="Generate Random String" library="String">
<doc>Generates a string with a desired ``length`` from the given ``chars``.</doc>
<arguments>
<arg>6</arg>
<arg>[LETTERS]</arg>
</arguments>
<assign>
<var>${identificador}</var>
</assign>
<msg timestamp="20200112 22:03:34.439" level="INFO">${identificador} = HXXVLj</msg>
<status status="PASS" starttime="20200112 22:03:34.439" endtime="20200112 22:03:34.440"></status>
</kw>
<kw name="Set Variable" library="BuiltIn">
<doc>Returns the given values which can then be assigned to a variables.</doc>
<arguments>
<arg>${identificador}@TEST.COM</arg>
</arguments>
<assign>
<var>${EMAIL}</var>
</assign>
<msg timestamp="20200112 22:03:34.440" level="INFO">${EMAIL} = HXXVLj@TEST.COM</msg>
<status status="PASS" starttime="20200112 22:03:34.440" endtime="20200112 22:03:34.441"></status>
</kw>
<kw name="Set Global Variable" library="BuiltIn">
<doc>Makes a variable available globally in all tests and suites.</doc>
<arguments>
<arg>${EMAIL}</arg>
</arguments>
<msg timestamp="20200112 22:03:34.442" level="INFO">${EMAIL} = HXXVLj@TEST.COM</msg>
<status status="PASS" starttime="20200112 22:03:34.441" endtime="20200112 22:03:34.442"></status>
</kw>
<kw name="Log" library="BuiltIn">
<doc>Logs the given message with the given level.</doc>
<arguments>
<arg>${EMAIL}</arg>
</arguments>
<msg timestamp="20200112 22:03:34.443" level="INFO">HXXVLj@TEST.COM</msg>
<status status="PASS" starttime="20200112 22:03:34.442" endtime="20200112 22:03:34.443"></status>
</kw>
<status status="PASS" starttime="20200112 22:03:22.224" endtime="20200112 22:03:34.443"></status>
</kw>
<kw name="Given I'm on the login page" library="ResourceUser">
<kw name="Click Element" library="SeleniumLibrary">
<doc>Click the element identified by ``locator``.</doc>
<arguments>
<arg>class=login</arg>
</arguments>
<msg timestamp="20200112 22:03:34.445" level="INFO">Clicking element 'class=login'.</msg>
<status status="PASS" starttime="20200112 22:03:34.445" endtime="20200112 22:03:36.841"></status>
</kw>
<kw name="Wait Until Element Is Visible" library="SeleniumLibrary">
<doc>Waits until the element ``locator`` is visible.</doc>
<arguments>
<arg>css=#center_column &gt; h1</arg>
</arguments>
<status status="PASS" starttime="20200112 22:03:36.841" endtime="20200112 22:03:36.950"></status>
</kw>
<kw name="Title Should Be" library="SeleniumLibrary">
<doc>Verifies that the current page title equals ``title``.</doc>
<arguments>
<arg>Login - My Store</arg>
</arguments>
<msg timestamp="20200112 22:03:36.961" level="INFO">Page title is 'Login - My Store'.</msg>
<status status="PASS" starttime="20200112 22:03:36.950" endtime="20200112 22:03:36.961"></status>
</kw>
<status status="PASS" starttime="20200112 22:03:34.444" endtime="20200112 22:03:36.962"></status>
</kw>
<kw name="When I write the email to register and click the button to create an account" library="ResourceUser">
<kw name="Input Text" library="SeleniumLibrary">
<doc>Types the given ``text`` into the text field identified by ``locator``.</doc>
<arguments>
<arg>id=email_create</arg>
<arg>${EMAIL}</arg>
</arguments>
<msg timestamp="20200112 22:03:36.965" level="INFO">Typing text 'HXXVLj@TEST.COM' into text field 'id=email_create'.</msg>
<status status="PASS" starttime="20200112 22:03:36.964" endtime="20200112 22:03:37.315"></status>
</kw>
<kw name="Click Element" library="SeleniumLibrary">
<doc>Click the element identified by ``locator``.</doc>
<arguments>
<arg>id=SubmitCreate</arg>
</arguments>
<msg timestamp="20200112 22:03:37.316" level="INFO">Clicking element 'id=SubmitCreate'.</msg>
<status status="PASS" starttime="20200112 22:03:37.316" endtime="20200112 22:03:37.424"></status>
</kw>
<status status="PASS" starttime="20200112 22:03:36.962" endtime="20200112 22:03:37.424"></status>
</kw>
<kw name="And I fill all required inputs" library="ResourceUser">
<kw name="Wait Until Element Is Visible" library="SeleniumLibrary">
<doc>Waits until the element ``locator`` is visible.</doc>
<arguments>
<arg>id=customer_firstname</arg>
</arguments>
<status status="PASS" starttime="20200112 22:03:37.425" endtime="20200112 22:03:39.080"></status>
</kw>
<kw name="Input Text" library="SeleniumLibrary">
<doc>Types the given ``text`` into the text field identified by ``locator``.</doc>
<arguments>
<arg>id=customer_firstname</arg>
<arg>Ana</arg>
</arguments>
<msg timestamp="20200112 22:03:39.081" level="INFO">Typing text 'Ana' into text field 'id=customer_firstname'.</msg>
<status status="PASS" starttime="20200112 22:03:39.080" endtime="20200112 22:03:39.495"></status>
</kw>
<kw name="Wait Until Element Is Visible" library="SeleniumLibrary">
<doc>Waits until the element ``locator`` is visible.</doc>
<arguments>
<arg>id=customer_lastname</arg>
</arguments>
<status status="PASS" starttime="20200112 22:03:39.495" endtime="20200112 22:03:39.563"></status>
</kw>
<kw name="Input Text" library="SeleniumLibrary">
<doc>Types the given ``text`` into the text field identified by ``locator``.</doc>
<arguments>
<arg>id=customer_lastname</arg>
<arg>Paula</arg>
</arguments>
<msg timestamp="20200112 22:03:39.564" level="INFO">Typing text 'Paula' into text field 'id=customer_lastname'.</msg>
<status status="PASS" starttime="20200112 22:03:39.563" endtime="20200112 22:03:39.802"></status>
</kw>
<kw name="Wait Until Element Is Visible" library="SeleniumLibrary">
<doc>Waits until the element ``locator`` is visible.</doc>
<arguments>
<arg>id=passwd</arg>
</arguments>
<status status="PASS" starttime="20200112 22:03:39.802" endtime="20200112 22:03:39.862"></status>
</kw>
<kw name="Input Text" library="SeleniumLibrary">
<doc>Types the given ``text`` into the text field identified by ``locator``.</doc>
<arguments>
<arg>id=passwd</arg>
<arg>12345</arg>
</arguments>
<msg timestamp="20200112 22:03:39.863" level="INFO">Typing text '12345' into text field 'id=passwd'.</msg>
<status status="PASS" starttime="20200112 22:03:39.863" endtime="20200112 22:03:40.064"></status>
</kw>
<kw name="Wait Until Element Is Visible" library="SeleniumLibrary">
<doc>Waits until the element ``locator`` is visible.</doc>
<arguments>
<arg>id=address1</arg>
</arguments>
<status status="PASS" starttime="20200112 22:03:40.064" endtime="20200112 22:03:40.110"></status>
</kw>
<kw name="Input Text" library="SeleniumLibrary">
<doc>Types the given ``text`` into the text field identified by ``locator``.</doc>
<arguments>
<arg>id=address1</arg>
<arg>rua zero</arg>
</arguments>
<msg timestamp="20200112 22:03:40.111" level="INFO">Typing text 'rua zero' into text field 'id=address1'.</msg>
<status status="PASS" starttime="20200112 22:03:40.111" endtime="20200112 22:03:40.371"></status>
</kw>
<kw name="Wait Until Element Is Visible" library="SeleniumLibrary">
<doc>Waits until the element ``locator`` is visible.</doc>
<arguments>
<arg>id=city</arg>
</arguments>
<status status="PASS" starttime="20200112 22:03:40.371" endtime="20200112 22:03:40.416"></status>
</kw>
<kw name="Input Text" library="SeleniumLibrary">
<doc>Types the given ``text`` into the text field identified by ``locator``.</doc>
<arguments>
<arg>id=city</arg>
<arg>bh</arg>
</arguments>
<msg timestamp="20200112 22:03:40.417" level="INFO">Typing text 'bh' into text field 'id=city'.</msg>
<status status="PASS" starttime="20200112 22:03:40.416" endtime="20200112 22:03:40.563"></status>
</kw>
<kw name="Select From List By Index" library="SeleniumLibrary">
<doc>Selects options from selection list ``locator`` by ``indexes``.</doc>
<arguments>
<arg>id=id_state</arg>
<arg>1</arg>
</arguments>
<msg timestamp="20200112 22:03:40.564" level="INFO">Selecting options from selection list 'id=id_state' by index 1.</msg>
<status status="PASS" starttime="20200112 22:03:40.563" endtime="20200112 22:03:40.894"></status>
</kw>
<kw name="Wait Until Element Is Visible" library="SeleniumLibrary">
<doc>Waits until the element ``locator`` is visible.</doc>
<arguments>
<arg>id=postcode</arg>
</arguments>
<status status="PASS" starttime="20200112 22:03:40.894" endtime="20200112 22:03:40.967"></status>
</kw>
<kw name="Input Text" library="SeleniumLibrary">
<doc>Types the given ``text`` into the text field identified by ``locator``.</doc>
<arguments>
<arg>id=postcode</arg>
<arg>23456</arg>
</arguments>
<msg timestamp="20200112 22:03:40.968" level="INFO">Typing text '23456' into text field 'id=postcode'.</msg>
<status status="PASS" starttime="20200112 22:03:40.967" endtime="20200112 22:03:41.165"></status>
</kw>
<kw name="Wait Until Element Is Visible" library="SeleniumLibrary">
<doc>Waits until the element ``locator`` is visible.</doc>
<arguments>
<arg>id=phone_mobile</arg>
</arguments>
<status status="PASS" starttime="20200112 22:03:41.165" endtime="20200112 22:03:41.201"></status>
</kw>
<kw name="Input Text" library="SeleniumLibrary">
<doc>Types the given ``text`` into the text field identified by ``locator``.</doc>
<arguments>
<arg>id=phone_mobile</arg>
<arg>9999999</arg>
</arguments>
<msg timestamp="20200112 22:03:41.202" level="INFO">Typing text '9999999' into text field 'id=phone_mobile'.</msg>
<status status="PASS" starttime="20200112 22:03:41.202" endtime="20200112 22:03:41.440"></status>
</kw>
<status status="PASS" starttime="20200112 22:03:37.424" endtime="20200112 22:03:41.440"></status>
</kw>
<kw name="And click on register I'm redirected to My Account page" library="ResourceUser">
<kw name="Click Element" library="SeleniumLibrary">
<doc>Click the element identified by ``locator``.</doc>
<arguments>
<arg>xpath=//*[@id="submitAccount"]/span</arg>
</arguments>
<msg timestamp="20200112 22:03:41.443" level="INFO">Clicking element 'xpath=//*[@id="submitAccount"]/span'.</msg>
<status status="PASS" starttime="20200112 22:03:41.442" endtime="20200112 22:03:43.069"></status>
</kw>
<status status="PASS" starttime="20200112 22:03:41.441" endtime="20200112 22:03:43.070"></status>
</kw>
<kw name="Then the name of the new user appears in the upper right account of the page" library="ResourceUser">
<kw name="Title Should Be" library="SeleniumLibrary">
<doc>Verifies that the current page title equals ``title``.</doc>
<arguments>
<arg>My account - My Store</arg>
</arguments>
<msg timestamp="20200112 22:03:43.112" level="INFO">Page title is 'My account - My Store'.</msg>
<status status="PASS" starttime="20200112 22:03:43.071" endtime="20200112 22:03:43.113"></status>
</kw>
<kw name="Wait Until Element Is Visible" library="SeleniumLibrary">
<doc>Waits until the element ``locator`` is visible.</doc>
<arguments>
<arg>xpath=//*[@id="header"]/div[2]/div/div/nav/div[2]/a</arg>
</arguments>
<status status="PASS" starttime="20200112 22:03:43.113" endtime="20200112 22:03:43.175"></status>
</kw>
<kw name="Current Frame Should Contain" library="SeleniumLibrary">
<doc>Verifies that the current frame contains ``text``.</doc>
<arguments>
<arg>Ana Paula</arg>
</arguments>
<msg timestamp="20200112 22:03:43.198" level="INFO">Current frame contains text 'Ana Paula'.</msg>
<status status="PASS" starttime="20200112 22:03:43.175" endtime="20200112 22:03:43.198"></status>
</kw>
<status status="PASS" starttime="20200112 22:03:43.070" endtime="20200112 22:03:43.199"></status>
</kw>
<kw name="Close the page" library="ResourceUser" type="teardown">
<kw name="Close Browser" library="SeleniumLibrary">
<doc>Closes the current browser.</doc>
<status status="PASS" starttime="20200112 22:03:43.201" endtime="20200112 22:03:43.425"></status>
</kw>
<status status="PASS" starttime="20200112 22:03:43.200" endtime="20200112 22:03:43.426"></status>
</kw>
<status status="PASS" starttime="20200112 22:03:22.222" endtime="20200112 22:03:43.426" critical="yes"></status>
</test>
<test id="s1-t2" name="Scenario 2: Log Out of Account">
<kw name="Open the page" library="ResourceUser" type="setup">
<kw name="Open Browser" library="SeleniumLibrary">
<doc>Opens a new browser instance to the optional ``url``.</doc>
<arguments>
<arg>${URL}</arg>
<arg>${BROWSER}</arg>
</arguments>
<msg timestamp="20200112 22:03:43.434" level="INFO">Opening browser 'chrome' to base url 'http://automationpractice.com'.</msg>
<status status="PASS" starttime="20200112 22:03:43.431" endtime="20200112 22:03:53.799"></status>
</kw>
<kw name="Generate Random String" library="String">
<doc>Generates a string with a desired ``length`` from the given ``chars``.</doc>
<arguments>
<arg>6</arg>
<arg>[LETTERS]</arg>
</arguments>
<assign>
<var>${identificador}</var>
</assign>
<msg timestamp="20200112 22:03:53.801" level="INFO">${identificador} = CSfHmT</msg>
<status status="PASS" starttime="20200112 22:03:53.800" endtime="20200112 22:03:53.801"></status>
</kw>
<kw name="Set Variable" library="BuiltIn">
<doc>Returns the given values which can then be assigned to a variables.</doc>
<arguments>
<arg>${identificador}@TEST.COM</arg>
</arguments>
<assign>
<var>${EMAIL}</var>
</assign>
<msg timestamp="20200112 22:03:53.803" level="INFO">${EMAIL} = CSfHmT@TEST.COM</msg>
<status status="PASS" starttime="20200112 22:03:53.802" endtime="20200112 22:03:53.803"></status>
</kw>
<kw name="Set Global Variable" library="BuiltIn">
<doc>Makes a variable available globally in all tests and suites.</doc>
<arguments>
<arg>${EMAIL}</arg>
</arguments>
<msg timestamp="20200112 22:03:53.804" level="INFO">${EMAIL} = CSfHmT@TEST.COM</msg>
<status status="PASS" starttime="20200112 22:03:53.803" endtime="20200112 22:03:53.804"></status>
</kw>
<kw name="Log" library="BuiltIn">
<doc>Logs the given message with the given level.</doc>
<arguments>
<arg>${EMAIL}</arg>
</arguments>
<msg timestamp="20200112 22:03:53.805" level="INFO">CSfHmT@TEST.COM</msg>
<status status="PASS" starttime="20200112 22:03:53.804" endtime="20200112 22:03:53.805"></status>
</kw>
<status status="PASS" starttime="20200112 22:03:43.430" endtime="20200112 22:03:53.805"></status>
</kw>
<kw name="Given I'm on the registered account page" library="ResourceUser">
<kw name="Click Element" library="SeleniumLibrary">
<doc>Click the element identified by ``locator``.</doc>
<arguments>
<arg>class=login</arg>
</arguments>
<msg timestamp="20200112 22:03:53.807" level="INFO">Clicking element 'class=login'.</msg>
<status status="PASS" starttime="20200112 22:03:53.806" endtime="20200112 22:03:55.267"></status>
</kw>
<kw name="Wait Until Element Is Visible" library="SeleniumLibrary">
<doc>Waits until the element ``locator`` is visible.</doc>
<arguments>
<arg>css=#center_column &gt; h1</arg>
</arguments>
<status status="PASS" starttime="20200112 22:03:55.268" endtime="20200112 22:03:56.020"></status>
</kw>
<kw name="Title Should Be" library="SeleniumLibrary">
<doc>Verifies that the current page title equals ``title``.</doc>
<arguments>
<arg>Login - My Store</arg>
</arguments>
<msg timestamp="20200112 22:03:56.030" level="INFO">Page title is 'Login - My Store'.</msg>
<status status="PASS" starttime="20200112 22:03:56.021" endtime="20200112 22:03:56.030"></status>
</kw>
<kw name="Input Text" library="SeleniumLibrary">
<doc>Types the given ``text`` into the text field identified by ``locator``.</doc>
<arguments>
<arg>id=email</arg>
<arg>a@c.p</arg>
</arguments>
<msg timestamp="20200112 22:03:56.031" level="INFO">Typing text 'a@c.p' into text field 'id=email'.</msg>
<status status="PASS" starttime="20200112 22:03:56.031" endtime="20200112 22:03:56.463"></status>
</kw>
<kw name="Input Password" library="SeleniumLibrary">
<doc>Types the given password into the text field identified by ``locator``.</doc>
<arguments>
<arg>id=passwd</arg>
<arg>12345</arg>
</arguments>
<msg timestamp="20200112 22:03:56.464" level="INFO">Typing password into text field 'id=passwd'.</msg>
<status status="PASS" starttime="20200112 22:03:56.463" endtime="20200112 22:03:56.793"></status>
</kw>
<kw name="Click Button" library="SeleniumLibrary">
<doc>Clicks the button identified by ``locator``.</doc>
<arguments>
<arg>id=SubmitLogin</arg>
</arguments>
<msg timestamp="20200112 22:03:56.795" level="INFO">Clicking button 'id=SubmitLogin'.</msg>
<status status="PASS" starttime="20200112 22:03:56.794" endtime="20200112 22:03:58.544"></status>
</kw>
<status status="PASS" starttime="20200112 22:03:53.805" endtime="20200112 22:03:58.544"></status>
</kw>
<kw name="When I log out" library="ResourceUser">
<kw name="Click Element" library="SeleniumLibrary">
<doc>Click the element identified by ``locator``.</doc>
<arguments>
<arg>class=logout</arg>
</arguments>
<msg timestamp="20200112 22:03:58.546" level="INFO">Clicking element 'class=logout'.</msg>
<status status="PASS" starttime="20200112 22:03:58.546" endtime="20200112 22:04:01.433"></status>
</kw>
<status status="PASS" starttime="20200112 22:03:58.545" endtime="20200112 22:04:01.433"></status>
</kw>
<kw name="Then I am redirected to the login page" library="ResourceUser">
<kw name="Wait Until Element Is Visible" library="SeleniumLibrary">
<doc>Waits until the element ``locator`` is visible.</doc>
<arguments>
<arg>css=#center_column &gt; h1</arg>
</arguments>
<status status="PASS" starttime="20200112 22:04:01.435" endtime="20200112 22:04:01.480"></status>
</kw>
<kw name="Title Should Be" library="SeleniumLibrary">
<doc>Verifies that the current page title equals ``title``.</doc>
<arguments>
<arg>Login - My Store</arg>
</arguments>
<msg timestamp="20200112 22:04:01.489" level="INFO">Page title is 'Login - My Store'.</msg>
<status status="PASS" starttime="20200112 22:04:01.480" endtime="20200112 22:04:01.489"></status>
</kw>
<status status="PASS" starttime="20200112 22:04:01.434" endtime="20200112 22:04:01.490"></status>
</kw>
<kw name="And the username of the counter does not appear on screen" library="ResourceUser">
<kw name="Current Frame Should Not Contain" library="SeleniumLibrary">
<doc>Verifies that the current frame does not contain ``text``.</doc>
<arguments>
<arg>Ana Paula</arg>
</arguments>
<msg timestamp="20200112 22:04:01.518" level="INFO">Current frame did not contain text 'Ana Paula'.</msg>
<status status="PASS" starttime="20200112 22:04:01.491" endtime="20200112 22:04:01.519"></status>
</kw>
<status status="PASS" starttime="20200112 22:04:01.490" endtime="20200112 22:04:01.519"></status>
</kw>
<kw name="Close the page" library="ResourceUser" type="teardown">
<kw name="Close Browser" library="SeleniumLibrary">
<doc>Closes the current browser.</doc>
<status status="PASS" starttime="20200112 22:04:01.521" endtime="20200112 22:04:01.729"></status>
</kw>
<status status="PASS" starttime="20200112 22:04:01.520" endtime="20200112 22:04:01.730"></status>
</kw>
<status status="PASS" starttime="20200112 22:03:43.428" endtime="20200112 22:04:01.730" critical="yes"></status>
</test>
<test id="s1-t3" name="Scenario 3: Register with an email already registered">
<kw name="Open the page" library="ResourceUser" type="setup">
<kw name="Open Browser" library="SeleniumLibrary">
<doc>Opens a new browser instance to the optional ``url``.</doc>
<arguments>
<arg>${URL}</arg>
<arg>${BROWSER}</arg>
</arguments>
<msg timestamp="20200112 22:04:01.735" level="INFO">Opening browser 'chrome' to base url 'http://automationpractice.com'.</msg>
<status status="PASS" starttime="20200112 22:04:01.734" endtime="20200112 22:04:11.012"></status>
</kw>
<kw name="Generate Random String" library="String">
<doc>Generates a string with a desired ``length`` from the given ``chars``.</doc>
<arguments>
<arg>6</arg>
<arg>[LETTERS]</arg>
</arguments>
<assign>
<var>${identificador}</var>
</assign>
<msg timestamp="20200112 22:04:11.013" level="INFO">${identificador} = EqkUpO</msg>
<status status="PASS" starttime="20200112 22:04:11.012" endtime="20200112 22:04:11.014"></status>
</kw>
<kw name="Set Variable" library="BuiltIn">
<doc>Returns the given values which can then be assigned to a variables.</doc>
<arguments>
<arg>${identificador}@TEST.COM</arg>
</arguments>
<assign>
<var>${EMAIL}</var>
</assign>
<msg timestamp="20200112 22:04:11.015" level="INFO">${EMAIL} = EqkUpO@TEST.COM</msg>
<status status="PASS" starttime="20200112 22:04:11.014" endtime="20200112 22:04:11.015"></status>
</kw>
<kw name="Set Global Variable" library="BuiltIn">
<doc>Makes a variable available globally in all tests and suites.</doc>
<arguments>
<arg>${EMAIL}</arg>
</arguments>
<msg timestamp="20200112 22:04:11.015" level="INFO">${EMAIL} = EqkUpO@TEST.COM</msg>
<status status="PASS" starttime="20200112 22:04:11.015" endtime="20200112 22:04:11.015"></status>
</kw>
<kw name="Log" library="BuiltIn">
<doc>Logs the given message with the given level.</doc>
<arguments>
<arg>${EMAIL}</arg>
</arguments>
<msg timestamp="20200112 22:04:11.016" level="INFO">EqkUpO@TEST.COM</msg>
<status status="PASS" starttime="20200112 22:04:11.015" endtime="20200112 22:04:11.016"></status>
</kw>
<status status="PASS" starttime="20200112 22:04:01.733" endtime="20200112 22:04:11.016"></status>
</kw>
<kw name="Given I'm on the login page" library="ResourceUser">
<kw name="Click Element" library="SeleniumLibrary">
<doc>Click the element identified by ``locator``.</doc>
<arguments>
<arg>class=login</arg>
</arguments>
<msg timestamp="20200112 22:04:11.019" level="INFO">Clicking element 'class=login'.</msg>
<status status="PASS" starttime="20200112 22:04:11.018" endtime="20200112 22:04:12.146"></status>
</kw>
<kw name="Wait Until Element Is Visible" library="SeleniumLibrary">
<doc>Waits until the element ``locator`` is visible.</doc>
<arguments>
<arg>css=#center_column &gt; h1</arg>
</arguments>
<status status="PASS" starttime="20200112 22:04:12.146" endtime="20200112 22:04:12.930"></status>
</kw>
<kw name="Title Should Be" library="SeleniumLibrary">
<doc>Verifies that the current page title equals ``title``.</doc>
<arguments>
<arg>Login - My Store</arg>
</arguments>
<msg timestamp="20200112 22:04:12.946" level="INFO">Page title is 'Login - My Store'.</msg>
<status status="PASS" starttime="20200112 22:04:12.931" endtime="20200112 22:04:12.946"></status>
</kw>
<status status="PASS" starttime="20200112 22:04:11.016" endtime="20200112 22:04:12.946"></status>
</kw>
<kw name="When I try to register an email already registered" library="ResourceUser">
<kw name="Input Text" library="SeleniumLibrary">
<doc>Types the given ``text`` into the text field identified by ``locator``.</doc>
<arguments>
<arg>id=email_create</arg>
<arg>a@c.p</arg>
</arguments>
<msg timestamp="20200112 22:04:12.948" level="INFO">Typing text 'a@c.p' into text field 'id=email_create'.</msg>
<status status="PASS" starttime="20200112 22:04:12.948" endtime="20200112 22:04:13.271"></status>
</kw>
<kw name="Click Element" library="SeleniumLibrary">
<doc>Click the element identified by ``locator``.</doc>
<arguments>
<arg>id=SubmitCreate</arg>
</arguments>
<msg timestamp="20200112 22:04:13.272" level="INFO">Clicking element 'id=SubmitCreate'.</msg>
<status status="PASS" starttime="20200112 22:04:13.272" endtime="20200112 22:04:13.405"></status>
</kw>
<status status="PASS" starttime="20200112 22:04:12.947" endtime="20200112 22:04:13.405"></status>
</kw>
<kw name="Then I see the error message and cannot complete registration" library="ResourceUser">
<kw name="Wait Until Element Is Visible" library="SeleniumLibrary">
<doc>Waits until the element ``locator`` is visible.</doc>
<arguments>
<arg>css=#create_account_error</arg>
</arguments>
<status status="PASS" starttime="20200112 22:04:13.407" endtime="20200112 22:04:14.133"></status>
</kw>
<kw name="Page Should Contain Element" library="SeleniumLibrary">
<doc>Verifies that element ``locator`` is found on the current page.</doc>
<arguments>
<arg>id=create_account_error</arg>
</arguments>
<msg timestamp="20200112 22:04:14.145" level="INFO">Current page contains element 'id=create_account_error'.</msg>
<status status="PASS" starttime="20200112 22:04:14.133" endtime="20200112 22:04:14.145"></status>
</kw>
<status status="PASS" starttime="20200112 22:04:13.406" endtime="20200112 22:04:14.145"></status>
</kw>
<kw name="Close the page" library="ResourceUser" type="teardown">
<kw name="Close Browser" library="SeleniumLibrary">
<doc>Closes the current browser.</doc>
<status status="PASS" starttime="20200112 22:04:14.147" endtime="20200112 22:04:14.323"></status>
</kw>
<status status="PASS" starttime="20200112 22:04:14.146" endtime="20200112 22:04:14.323"></status>
</kw>
<status status="PASS" starttime="20200112 22:04:01.731" endtime="20200112 22:04:14.323" critical="yes"></status>
</test>
<status status="PASS" starttime="20200112 22:03:21.835" endtime="20200112 22:04:14.326"></status>
</suite>
<statistics>
<total>
<stat pass="3" fail="0">Critical Tests</stat>
<stat pass="3" fail="0">All Tests</stat>
</total>
<tag>
</tag>
<suite>
<stat pass="3" fail="0" id="s1" name="WebUser">WebUser</stat>
</suite>
</statistics>
<errors>
</errors>
</robot>
