<?xml version="1.0" encoding="UTF-8"?>
<robot generator="Robot 3.1.2 (Python 3.7.5 on darwin)" generated="20191110 09:58:31.208" rpa="false">
<suite id="s1" name="TesteCiandtWebPesquisa" source="/Users/pedroh/Downloads/Carol/Testes/WEB/Testes/TesteCiandtWebPesquisa.robot">
<test id="s1-t1" name="Scenario 1: Search for a product on your site">
<kw name="Open the page" library="ResourcePesquisa" type="setup">
<kw name="Open Browser" library="SeleniumLibrary">
<doc>Opens a new browser instance to the optional ``url``.</doc>
<arguments>
<arg>${URL}</arg>
<arg>${BROWSER}</arg>
</arguments>
<msg timestamp="20191110 09:58:31.468" level="INFO">Opening browser 'chrome' to base url 'http://automationpractice.com'.</msg>
<status status="PASS" starttime="20191110 09:58:31.468" endtime="20191110 09:58:41.008"></status>
</kw>
<status status="PASS" starttime="20191110 09:58:31.467" endtime="20191110 09:58:41.009"></status>
</kw>
<kw name="Given that I am on the Home page of the site" library="ResourcePesquisa">
<kw name="Title Should Be" library="SeleniumLibrary">
<doc>Verifies that the current page title equals ``title``.</doc>
<arguments>
<arg>My Store</arg>
</arguments>
<msg timestamp="20191110 09:58:41.017" level="INFO">Page title is 'My Store'.</msg>
<status status="PASS" starttime="20191110 09:58:41.010" endtime="20191110 09:58:41.017"></status>
</kw>
<status status="PASS" starttime="20191110 09:58:41.010" endtime="20191110 09:58:41.017"></status>
</kw>
<kw name="When I look for the product &quot;Dress&quot;" library="ResourcePesquisa">
<kw name="Input Text" library="SeleniumLibrary">
<doc>Types the given ``text`` into the text field identified by ``locator``.</doc>
<arguments>
<arg>id=search_query_top</arg>
<arg>${PRODUCT}</arg>
</arguments>
<msg timestamp="20191110 09:58:41.018" level="INFO">Typing text 'Dress' into text field 'id=search_query_top'.</msg>
<status status="PASS" starttime="20191110 09:58:41.018" endtime="20191110 09:58:41.191"></status>
</kw>
<kw name="Click Element" library="SeleniumLibrary">
<doc>Click the element identified by ``locator``.</doc>
<arguments>
<arg>name=submit_search</arg>
</arguments>
<msg timestamp="20191110 09:58:41.192" level="INFO">Clicking element 'name=submit_search'.</msg>
<status status="PASS" starttime="20191110 09:58:41.192" endtime="20191110 09:58:48.652"></status>
</kw>
<status status="PASS" starttime="20191110 09:58:41.017" endtime="20191110 09:58:48.652"></status>
</kw>
<kw name="Then the &quot;Dress&quot; product is listed on the result page" library="ResourcePesquisa">
<kw name="Wait Until Element Is Visible" library="SeleniumLibrary">
<doc>Waits until the element ``locator`` is visible.</doc>
<arguments>
<arg>css=.navigation_page</arg>
</arguments>
<status status="PASS" starttime="20191110 09:58:48.654" endtime="20191110 09:58:48.696"></status>
</kw>
<kw name="Title Should Be" library="SeleniumLibrary">
<doc>Verifies that the current page title equals ``title``.</doc>
<arguments>
<arg>Search - My Store</arg>
</arguments>
<msg timestamp="20191110 09:58:48.702" level="INFO">Page title is 'Search - My Store'.</msg>
<status status="PASS" starttime="20191110 09:58:48.696" endtime="20191110 09:58:48.702"></status>
</kw>
<kw name="Page Should Contain Link" library="SeleniumLibrary">
<doc>Verifies link identified by ``locator`` is found from current page.</doc>
<arguments>
<arg>xpath=//*[@id="center_column"]//a[@class="product-name"][contains(text(),"${PRODUCT_NAME}")]</arg>
</arguments>
<msg timestamp="20191110 09:58:48.751" level="INFO">Current page contains link 'xpath=//*[@id="center_column"]//a[@class="product-name"][contains(text(),"Dress")]'.</msg>
<status status="PASS" starttime="20191110 09:58:48.702" endtime="20191110 09:58:48.752"></status>
</kw>
<status status="PASS" starttime="20191110 09:58:48.653" endtime="20191110 09:58:48.752"></status>
</kw>
<kw name="Close the page" library="ResourcePesquisa" type="teardown">
<kw name="Close Browser" library="SeleniumLibrary">
<doc>Closes the current browser.</doc>
<status status="PASS" starttime="20191110 09:58:48.754" endtime="20191110 09:58:48.887"></status>
</kw>
<status status="PASS" starttime="20191110 09:58:48.753" endtime="20191110 09:58:48.887"></status>
</kw>
<status status="PASS" starttime="20191110 09:58:31.466" endtime="20191110 09:58:48.887" critical="yes"></status>
</test>
<test id="s1-t2" name="Scenario 2: Search for a product that does not exist on the site">
<kw name="Open the page" library="ResourcePesquisa" type="setup">
<kw name="Open Browser" library="SeleniumLibrary">
<doc>Opens a new browser instance to the optional ``url``.</doc>
<arguments>
<arg>${URL}</arg>
<arg>${BROWSER}</arg>
</arguments>
<msg timestamp="20191110 09:58:48.892" level="INFO">Opening browser 'chrome' to base url 'http://automationpractice.com'.</msg>
<status status="PASS" starttime="20191110 09:58:48.891" endtime="20191110 09:58:56.895"></status>
</kw>
<status status="PASS" starttime="20191110 09:58:48.890" endtime="20191110 09:58:56.896"></status>
</kw>
<kw name="Given that I am on the Home page of the site" library="ResourcePesquisa">
<kw name="Title Should Be" library="SeleniumLibrary">
<doc>Verifies that the current page title equals ``title``.</doc>
<arguments>
<arg>My Store</arg>
</arguments>
<msg timestamp="20191110 09:58:56.910" level="INFO">Page title is 'My Store'.</msg>
<status status="PASS" starttime="20191110 09:58:56.898" endtime="20191110 09:58:56.911"></status>
</kw>
<status status="PASS" starttime="20191110 09:58:56.897" endtime="20191110 09:58:56.911"></status>
</kw>
<kw name="When I look for the product &quot;Pencil&quot;" library="ResourcePesquisa">
<kw name="Input Text" library="SeleniumLibrary">
<doc>Types the given ``text`` into the text field identified by ``locator``.</doc>
<arguments>
<arg>id=search_query_top</arg>
<arg>${PRODUCT}</arg>
</arguments>
<msg timestamp="20191110 09:58:56.912" level="INFO">Typing text 'Pencil' into text field 'id=search_query_top'.</msg>
<status status="PASS" starttime="20191110 09:58:56.912" endtime="20191110 09:58:57.170"></status>
</kw>
<kw name="Click Element" library="SeleniumLibrary">
<doc>Click the element identified by ``locator``.</doc>
<arguments>
<arg>name=submit_search</arg>
</arguments>
<msg timestamp="20191110 09:58:57.171" level="INFO">Clicking element 'name=submit_search'.</msg>
<status status="PASS" starttime="20191110 09:58:57.170" endtime="20191110 09:58:57.996"></status>
</kw>
<status status="PASS" starttime="20191110 09:58:56.911" endtime="20191110 09:58:57.997"></status>
</kw>
<kw name="Then the page should display the message &quot;No results were found for your search &quot;Pencil&quot;&quot;" library="ResourcePesquisa">
<kw name="Wait Until Element Is Visible" library="SeleniumLibrary">
<doc>Waits until the element ``locator`` is visible.</doc>
<arguments>
<arg>xpath=//*[@id="center_column"]/p[@class="alert alert-warning"]</arg>
</arguments>
<status status="PASS" starttime="20191110 09:58:57.999" endtime="20191110 09:58:58.428"></status>
</kw>
<kw name="Title Should Be" library="SeleniumLibrary">
<doc>Verifies that the current page title equals ``title``.</doc>
<arguments>
<arg>Search - My Store</arg>
</arguments>
<msg timestamp="20191110 09:58:58.435" level="INFO">Page title is 'Search - My Store'.</msg>
<status status="PASS" starttime="20191110 09:58:58.428" endtime="20191110 09:58:58.435"></status>
</kw>
<kw name="Element Text Should Be" library="SeleniumLibrary">
<doc>Verifies that element ``locator`` contains exact the text ``expected``.</doc>
<arguments>
<arg>//*[@id="center_column"]/p[@class="alert alert-warning"]</arg>
<arg>${MENSSAGE}</arg>
</arguments>
<msg timestamp="20191110 09:58:58.436" level="INFO">Verifying element '//*[@id="center_column"]/p[@class="alert alert-warning"]' contains exact text 'No results were found for your search "Pencil"'.</msg>
<status status="PASS" starttime="20191110 09:58:58.435" endtime="20191110 09:58:58.542"></status>
</kw>
<status status="PASS" starttime="20191110 09:58:57.997" endtime="20191110 09:58:58.542"></status>
</kw>
<kw name="Close the page" library="ResourcePesquisa" type="teardown">
<kw name="Close Browser" library="SeleniumLibrary">
<doc>Closes the current browser.</doc>
<status status="PASS" starttime="20191110 09:58:58.543" endtime="20191110 09:58:58.678"></status>
</kw>
<status status="PASS" starttime="20191110 09:58:58.542" endtime="20191110 09:58:58.678"></status>
</kw>
<status status="PASS" starttime="20191110 09:58:48.889" endtime="20191110 09:58:58.678" critical="yes"></status>
</test>
<status status="PASS" starttime="20191110 09:58:31.216" endtime="20191110 09:58:58.682"></status>
</suite>
<statistics>
<total>
<stat pass="2" fail="0">Critical Tests</stat>
<stat pass="2" fail="0">All Tests</stat>
</total>
<tag>
</tag>
<suite>
<stat pass="2" fail="0" id="s1" name="TesteCiandtWebPesquisa">TesteCiandtWebPesquisa</stat>
</suite>
</statistics>
<errors>
</errors>
</robot>
